
> telemedicine-backend@1.0.0 start
> node server.js

MongoDB connected
Backend running on port 5000
[0mGET /api/health [32m200[0m 22.770 ms - 15[0m
User connected: EuC572KXQTvRRagHAAAB
[0mPOST /api/auth/login [32m200[0m 516.484 ms - 319[0m
[0mGET /api/appointments/doctor/68d5aa7c3dcd57a513cceef6 [32m200[0m 241.191 ms - 4066[0m
[0mGET /api/appointments/media/undefined [33m401[0m 1.672 ms - 31[0m
[0mGET /favicon.ico [33m404[0m 4.421 ms - 150[0m
[0mGET /api/appointments/media/undefined [33m401[0m 0.994 ms - 31[0m
[0mPOST /api/auth/login [32m200[0m 170.701 ms - 312[0m
[0mGET /api/users/68d5aab73dcd57a513cceefe [36m304[0m 67.782 ms - -[0m
[0mGET /api/records/68d5aab73dcd57a513cceefe [36m304[0m 270.070 ms - -[0m
[0mGET /api/users/doctors/specialization [36m304[0m 72.360 ms - -[0m
[0mGET /api/appointments/patient/68d5aab73dcd57a513cceefe [32m200[0m 120.604 ms - 3977[0m
[0mGET /api/records/68d5aab73dcd57a513cceefe [36m304[0m 198.945 ms - -[0m
[0mGET /api/users/doctors/specialization [36m304[0m 68.818 ms - -[0m
[0mGET /api/appointments/patient/68d5aab73dcd57a513cceefe [36m304[0m 126.865 ms - -[0m
[0mGET /api/users/doctors/specialization?t=1758890543365 [32m200[0m 53.844 ms - 693[0m
[0mGET /api/users/doctor/68d5aa7c3dcd57a513cceef6 [36m304[0m 93.751 ms - -[0m
[0mGET /api/pharmacy/all [32m200[0m 66.370 ms - 948[0m
[0mGET /api/users/doctors/specialization?t=1758890552481 [32m200[0m 66.498 ms - 693[0m
[0mGET /api/users/68d5aab73dcd57a513cceefe [36m304[0m 57.418 ms - -[0m
[0mGET /api/users/doctors/specialization [36m304[0m 66.822 ms - -[0m
[0mGET /api/appointments/patient/68d5aab73dcd57a513cceefe [36m304[0m 118.241 ms - -[0m
[0mPUT /api/appointments/68d68708e16fcc510a5c1f21 [33m404[0m 0.352 ms - 180[0m
[0mPUT /api/appointments/68d68708e16fcc510a5c1f21 [33m404[0m 0.172 ms - 180[0m
[0mGET /api/users/doctors/specialization?t=1758890583492 [32m200[0m 80.609 ms - 693[0m
[0mGET /api/users/68d5aab73dcd57a513cceefe [36m304[0m 73.942 ms - -[0m
[0mGET /api/records/68d5aab73dcd57a513cceefe [36m304[0m 191.185 ms - -[0m
[0mGET /api/records/68d5aab73dcd57a513cceefe/download/68d6766868e0056f4a2fcd47 [32m200[0m 311.822 ms - -[0m
[0mGET /api/records/68d5aab73dcd57a513cceefe/download/68d6766868e0056f4a2fcd47 [32m200[0m 313.977 ms - -[0m
User disconnected: EuC572KXQTvRRagHAAAB
[0mPOST /api/appointments/book [33m401[0m 2.465 ms - 31[0m
